<?xml version="1.0" encoding="UTF-8"?>
<!-- Generated by org.testng.reporters.JUnitReportReporter -->
<testsuite hostname="DESKTOP-IBLHI51" name="DropDownBoxes.Facebook" tests="1" failures="0" timestamp="26 Aug 2019 11:58:30 GMT" time="51.564" errors="0">
  <testcase name="FBlaunch" time="51.564" classname="DropDownBoxes.Facebook"/>
</testsuite> <!-- DropDownBoxes.Facebook -->
