<?xml version="1.0" encoding="UTF-8"?>
<!-- Generated by org.testng.reporters.JUnitReportReporter -->
<testsuite hostname="DESKTOP-IBLHI51" name="DropDownBoxes.TestCase1" tests="1" failures="0" timestamp="26 Aug 2019 12:11:33 GMT" time="24.384" errors="0">
  <testcase name="Test" time="24.384" classname="DropDownBoxes.TestCase1"/>
</testsuite> <!-- DropDownBoxes.TestCase1 -->
