<?xml version="1.0" encoding="UTF-8"?>
<!-- Generated by org.testng.reporters.JUnitReportReporter -->
<testsuite hostname="DESKTOP-IBLHI51" name="DropDownBoxes.TestCase2" tests="1" failures="0" timestamp="26 Aug 2019 12:21:52 GMT" time="19.281" errors="0">
  <testcase name="Test" time="19.281" classname="DropDownBoxes.TestCase2"/>
</testsuite> <!-- DropDownBoxes.TestCase2 -->
